<?xml version="1.0" encoding="UTF-8"?>
<!-- Generated by org.testng.reporters.JUnitReportReporter -->
<testsuite skipped="0" hostname="DESKTOP-BV5IUMI" name="samplePack.LaunchCheck" tests="2" failures="0" timestamp="07 Jun 2018 11:55:58 GMT" time="9.945" errors="0">
  <testcase name="launchBrowser" time="7.622" classname="samplePack.LaunchCheck"/>
  <testcase name="closeBrowser" time="2.323" classname="samplePack.LaunchCheck"/>
</testsuite> <!-- samplePack.LaunchCheck -->
